\BOOKMARK [1][-]{section.1}{\376\377\000\040\131\004\164\006\000G\000P\000I\000O\166\204\166\370\121\163\121\375\145\160\000\040}{}% 1
\BOOKMARK [2][-]{subsection.1.1}{\376\377\000\040\000G\000P\000I\000O\122\035\131\313\123\026\121\375\145\160\000,\165\050\116\216\221\115\177\156\000G\000P\000I\000O\152\041\137\017\124\214\137\025\201\032\000\040}{section.1}% 2
\BOOKMARK [2][-]{subsection.1.2}{\376\377\000\040\000G\000P\000I\000O\137\025\201\032\165\065\136\163\121\231\121\145\121\375\145\160\000,\000\040\165\050\116\216\143\247\122\066\000G\000P\000I\000O\123\343\166\204\232\330\117\116\165\065\136\163\000\040}{section.1}% 3
\BOOKMARK [2][-]{subsection.1.3}{\376\377\000\040\000G\000P\000I\000O\137\025\201\032\165\065\136\163\213\373\123\326\121\375\145\160\000,\000\040\165\050\116\216\203\267\123\326\000G\000P\000I\000O\123\343\166\204\232\330\117\116\165\065\136\163\000\040}{section.1}% 4
\BOOKMARK [1][-]{section.2}{\376\377\000\040\131\004\164\006\000P\000W\000M\166\204\166\370\121\163\121\375\145\160\000\040}{}% 5
\BOOKMARK [2][-]{subsection.2.1}{\376\377\000\040\000P\000W\000M\122\035\131\313\123\026\121\375\145\160\000,\000\040\165\050\116\216\122\035\131\313\123\026\000P\000W\000M\221\115\177\156\000\040}{section.2}% 6
\BOOKMARK [2][-]{subsection.2.2}{\376\377\000\040\000P\000W\000M\220\032\220\123\176\321\133\232\121\375\145\160\000,\000\040\165\050\116\216\117\177\200\375\147\320\116\052\162\171\133\232\166\204\137\025\201\032\217\223\121\372\000P\000W\000M\154\342\000\040}{section.2}% 7
\BOOKMARK [2][-]{subsection.2.3}{\376\377\000\040\000P\000W\000M\123\140\172\172\153\324\213\276\177\156\121\375\145\160\000\040}{section.2}% 8
\BOOKMARK [1][-]{section.3}{\376\377\000\040\116\062\123\343\214\003\213\325\166\370\121\163\121\375\145\160\000\040}{}% 9
\BOOKMARK [2][-]{subsection.3.1}{\376\377\000\040\116\062\123\343\122\035\131\313\123\026\121\375\145\160\000\040}{section.3}% 10
\BOOKMARK [2][-]{subsection.3.2}{\376\377\000\040\116\062\123\343\142\123\123\160\121\375\145\160\000\040}{section.3}% 11
\BOOKMARK [2][-]{subsection.3.3}{\376\377\000\040\123\125\133\127\173\046\116\062\123\343\121\231\121\145\000/\213\373\123\326\121\375\145\160\000\040}{section.3}% 12
\BOOKMARK [2][-]{subsection.3.4}{\376\377\000\040\133\127\173\046\116\062\121\231\121\145\000/\213\373\123\326\121\375\145\160\000\050\131\032\133\127\173\046\000\051\000\040}{section.3}% 13
\BOOKMARK [2][-]{subsection.3.5}{\376\377\000\040\117\177\165\050\116\062\123\343\145\366\154\350\141\017\166\204\116\213\230\171\000\040}{section.3}% 14
\BOOKMARK [1][-]{section.4}{\376\377\000\040\116\016\116\055\145\255\166\370\121\163\166\204\167\345\213\306\160\271\000\040}{}% 15
\BOOKMARK [2][-]{subsection.4.1}{\376\377\000\040\116\055\145\255\137\000\124\057\124\214\121\163\225\355\121\375\145\160\000\040}{section.4}% 16
\BOOKMARK [1][-]{section.5}{\376\377\000\040\127\372\116\216\000A\000r\000d\000u\000i\000n\000o\166\204\133\232\145\366\126\150\136\223\121\375\145\160}{}% 17
\BOOKMARK [2][-]{subsection.5.1}{\376\377\127\372\116\216\000A\000r\000d\000u\000i\000n\000o\166\204\000T\000i\000m\000e\000r\133\232\145\366\126\150\151\202\217\360}{section.5}% 18
\BOOKMARK [2][-]{subsection.5.2}{\376\377\133\232\145\366\126\150\166\204\122\035\131\313\123\026\155\101\172\013}{section.5}% 19
\BOOKMARK [2][-]{subsection.5.3}{\376\377\133\232\145\366\126\150\116\055\145\255\126\336\214\003\124\004\121\375\145\160\121\167\117\123\116\313\176\315}{section.5}% 20
\BOOKMARK [3][-]{subsubsection.5.3.1}{\376\377\000\040\133\232\145\366\126\150\122\035\131\313\123\026\121\375\145\160\000\040}{subsection.5.3}% 21
\BOOKMARK [2][-]{subsection.5.4}{\376\377\000\040\133\232\145\366\126\150\123\302\145\160\221\115\177\156\000\040}{section.5}% 22
\BOOKMARK [3][-]{subsubsection.5.4.1}{\376\377\000\040\133\232\145\366\126\150\116\055\145\255\221\115\177\156\121\375\145\160\000\040}{subsection.5.4}% 23
\BOOKMARK [1][-]{section.6}{\376\377\000O\000L\000E\000D\166\204\117\177\165\050}{}% 24
\BOOKMARK [2][-]{subsection.6.1}{\376\377\155\373\122\240\232\161\122\250\136\223\145\207\116\366\000\050\116\345\000S\000S\000D\0001\0003\0000\0006\116\072\117\213\000\051}{section.6}% 25
\BOOKMARK [2][-]{subsection.6.2}{\376\377\000\040\126\376\162\107\145\160\143\156\166\204\165\037\142\020\116\016\000O\000L\000E\000D\146\076\171\072\000\040}{section.6}% 26
\BOOKMARK [2][-]{subsection.6.3}{\376\377\000O\000L\000E\000D\146\076\171\072\116\055\145\207\154\111\133\127}{section.6}% 27
